
*******************************************************************************
Mon Mar 13 10:28:17 2017


FIT:    data read from 'salidaheapsort.dat'
        format = z
        #datapoints = 99
        residuals are weighted equally (unit weight)

function used for fitting: f(x)
fitted parameters initialized with current variable values



 Iteration 0
 WSSR        : 4.10378e+13       delta(WSSR)/WSSR   : 0
 delta(WSSR) : 0                 limit for stopping : 1e-05
 lambda	  : 643835

initial set of free parameter values

a0              = 1

After 4 iterations the fit converged.
final sum of squares of residuals : 1.56132e-05
rel. change during last iteration : -2.73566e-06

degrees of freedom    (FIT_NDF)                        : 98
rms of residuals      (FIT_STDFIT) = sqrt(WSSR/ndf)    : 0.000399147
variance of residuals (reduced chisquare) = WSSR/ndf   : 1.59318e-07

Final set of parameters            Asymptotic Standard Error
=======================            ==========================

a0              = 1.91491e-08      +/- 6.231e-11    (0.3254%)


correlation matrix of the fit parameters:

               a0     
a0              1.000 

