

*******************************************************************************
Mon Mar 13 16:35:27 2017


FIT:    data read from 'salidaseleccion.dat'
        format = z
        #datapoints = 87
        residuals are weighted equally (unit weight)

function used for fitting: f(x)
	f(x) = a0*x+a1
fitted parameters initialized with current variable values

iter      chisq       delta/lim  lambda   a0            a1           
   0 2.2320643896e+11   0.00e+00  3.58e+04    1.000000e+00   1.000000e+00
   7 3.7920493554e+02  -8.41e-01  3.58e-03    3.046464e-04  -4.549006e+00

After 7 iterations the fit converged.
final sum of squares of residuals : 379.205
rel. change during last iteration : -8.41298e-06

degrees of freedom    (FIT_NDF)                        : 85
rms of residuals      (FIT_STDFIT) = sqrt(WSSR/ndf)    : 2.11216
variance of residuals (reduced chisquare) = WSSR/ndf   : 4.46123

Final set of parameters            Asymptotic Standard Error
=======================            ==========================
a0              = 0.000304646      +/- 9.017e-06    (2.96%)
a1              = -4.54901         +/- 0.4568       (10.04%)

correlation matrix of the fit parameters:
                a0     a1     
a0              1.000 
a1             -0.868  1.000 
