

*******************************************************************************
Mon Mar 13 10:38:00 2017


FIT:    data read from 'salidaseleccion.dat'
        format = z
        #datapoints = 87
        residuals are weighted equally (unit weight)

function used for fitting: f(x)
	f(x) = a0*x*x+a1*x+a2
fitted parameters initialized with current variable values

iter      chisq       delta/lim  lambda   a0            a1            a2           
   0 1.0257355207e+21   0.00e+00  1.98e+09    1.000000e+00   1.000000e+00   1.000000e+00
  12 3.2155468245e+01  -3.77e-02  1.98e-03    3.541419e-09  -6.998470e-06   7.372484e-02

After 12 iterations the fit converged.
final sum of squares of residuals : 32.1555
rel. change during last iteration : -3.76756e-07

degrees of freedom    (FIT_NDF)                        : 84
rms of residuals      (FIT_STDFIT) = sqrt(WSSR/ndf)    : 0.618711
variance of residuals (reduced chisquare) = WSSR/ndf   : 0.382803

Final set of parameters            Asymptotic Standard Error
=======================            ==========================
a0              = 3.54142e-09      +/- 1.176e-10    (3.321%)
a1              = -6.99847e-06     +/- 1.068e-05    (152.6%)
a2              = 0.0737248        +/- 0.2037       (276.2%)

correlation matrix of the fit parameters:
                a0     a1     a2     
a0              1.000 
a1             -0.969  1.000 
a2              0.754 -0.872  1.000 


*******************************************************************************
Mon Mar 13 10:41:58 2017


FIT:    data read from 'salidaseleccion.dat'
        format = z
        #datapoints = 87
        residuals are weighted equally (unit weight)

function used for fitting: f(x)
	f(x) = a0*x*x+a1*x+a2
fitted parameters initialized with current variable values

iter      chisq       delta/lim  lambda   a0            a1            a2           
   0 1.0257355207e+21   0.00e+00  1.98e+09    1.000000e+00   1.000000e+00   1.000000e+00
  12 3.2155468245e+01  -3.77e-02  1.98e-03    3.541419e-09  -6.998470e-06   7.372484e-02

After 12 iterations the fit converged.
final sum of squares of residuals : 32.1555
rel. change during last iteration : -3.76756e-07

degrees of freedom    (FIT_NDF)                        : 84
rms of residuals      (FIT_STDFIT) = sqrt(WSSR/ndf)    : 0.618711
variance of residuals (reduced chisquare) = WSSR/ndf   : 0.382803

Final set of parameters            Asymptotic Standard Error
=======================            ==========================
a0              = 3.54142e-09      +/- 1.176e-10    (3.321%)
a1              = -6.99847e-06     +/- 1.068e-05    (152.6%)
a2              = 0.0737248        +/- 0.2037       (276.2%)

correlation matrix of the fit parameters:
                a0     a1     a2     
a0              1.000 
a1             -0.969  1.000 
a2              0.754 -0.872  1.000 
