
*******************************************************************************
Sun Mar 12 22:48:43 2017


FIT:    data read from 'quicksort.dat'
        format = z
        #datapoints = 99
        residuals are weighted equally (unit weight)

function used for fitting: f(x)
	f(x) = a0*x*log(x)
fitted parameters initialized with current variable values

iter      chisq       delta/lim  lambda   a0           
   0 1.8692640654e+17   0.00e+00  4.35e+07    1.000000e+00
   5 1.1402255245e-03  -5.71e-11  4.35e+02    1.036288e-08

After 5 iterations the fit converged.
final sum of squares of residuals : 0.00114023
rel. change during last iteration : -5.7052e-16

degrees of freedom    (FIT_NDF)                        : 98
rms of residuals      (FIT_STDFIT) = sqrt(WSSR/ndf)    : 0.003411
variance of residuals (reduced chisquare) = WSSR/ndf   : 1.1635e-05

Final set of parameters            Asymptotic Standard Error
=======================            ==========================
a0              = 1.03629e-08      +/- 7.889e-12    (0.07613%)


*******************************************************************************
Sun Mar 12 22:49:12 2017


FIT:    data read from 'mergesort.dat'
        format = z
        #datapoints = 99
        residuals are weighted equally (unit weight)

function used for fitting: g(x)
	g(x) = b0*x*log(x)
fitted parameters initialized with current variable values

iter      chisq       delta/lim  lambda   b0           
   0 1.8692640468e+17   0.00e+00  4.35e+07    1.000000e+00
   4 5.7558843924e-02  -3.38e-01  4.35e+03    1.536003e-08

After 4 iterations the fit converged.
final sum of squares of residuals : 0.0575588
rel. change during last iteration : -3.3801e-06

degrees of freedom    (FIT_NDF)                        : 98
rms of residuals      (FIT_STDFIT) = sqrt(WSSR/ndf)    : 0.024235
variance of residuals (reduced chisquare) = WSSR/ndf   : 0.000587335

Final set of parameters            Asymptotic Standard Error
=======================            ==========================
b0              = 1.536e-08        +/- 5.605e-11    (0.3649%)


*******************************************************************************
Sun Mar 12 22:49:23 2017


FIT:    data read from 'heapsort.dat'
        format = z
        #datapoints = 99
        residuals are weighted equally (unit weight)

function used for fitting: h(x)
	h(x) = c0*x*log(x)
fitted parameters initialized with current variable values

iter      chisq       delta/lim  lambda   c0           
   0 1.8692640382e+17   0.00e+00  4.35e+07    1.000000e+00
   4 1.1388988503e-01  -1.71e-01  4.35e+03    1.765367e-08

After 4 iterations the fit converged.
final sum of squares of residuals : 0.11389
rel. change during last iteration : -1.70827e-06

degrees of freedom    (FIT_NDF)                        : 98
rms of residuals      (FIT_STDFIT) = sqrt(WSSR/ndf)    : 0.0340902
variance of residuals (reduced chisquare) = WSSR/ndf   : 0.00116214

Final set of parameters            Asymptotic Standard Error
=======================            ==========================
c0              = 1.76537e-08      +/- 7.885e-11    (0.4466%)
